<?xml version="1.0" encoding="UTF-8"?>
<!-- Generated by org.testng.reporters.JUnitReportReporter -->
<testsuite skipped="0" hostname="LAB-A-05" name="com.example.testNG.TestNGSample3" tests="11" failures="0" timestamp="25 Nov 2018 07:12:14 GMT" time="11.104" errors="0">
  <testcase name="f8" time="1.001" classname="com.example.testNG.TestNGSample3"/>
  <testcase name="f7" time="1.000" classname="com.example.testNG.TestNGSample3"/>
  <testcase name="f4" time="1.015" classname="com.example.testNG.TestNGSample3"/>
  <testcase name="f10" time="1.016" classname="com.example.testNG.TestNGSample3"/>
  <testcase name="f1" time="1.016" classname="com.example.testNG.TestNGSample3"/>
  <testcase name="f3" time="1.004" classname="com.example.testNG.TestNGSample3"/>
  <testcase name="f12" time="1.007" classname="com.example.testNG.TestNGSample3"/>
  <testcase name="f5" time="1.012" classname="com.example.testNG.TestNGSample3"/>
  <testcase name="f11" time="1.016" classname="com.example.testNG.TestNGSample3"/>
  <testcase name="f6" time="1.011" classname="com.example.testNG.TestNGSample3"/>
  <testcase name="f2" time="1.006" classname="com.example.testNG.TestNGSample3"/>
</testsuite> <!-- com.example.testNG.TestNGSample3 -->
