<?xml version="1.0" encoding="UTF-8"?>
<!-- Generated by org.testng.reporters.JUnitReportReporter -->
<testsuite skipped="0" hostname="LAB-A-05" name="errorfix.NewTest" tests="2" failures="0" timestamp="25 Nov 2018 05:45:49 GMT" time="0.000" errors="0">
  <testcase name="firstMethod" time="0.000" classname="errorfix.NewTest"/>
  <testcase name="secondMethod" time="0.000" classname="errorfix.NewTest"/>
</testsuite> <!-- errorfix.NewTest -->
