<?xml version="1.0" encoding="UTF-8"?>
<!-- Generated by org.testng.reporters.JUnitReportReporter -->
<testsuite skipped="0" hostname="dell-pc-nilushi" name="com.example.testNG.TestNGSample1" tests="3" failures="0" timestamp="29 Nov 2018 11:55:51 GMT" time="0.013" errors="0">
  <testcase name="secondMethod" time="0.007" classname="com.example.testNG.TestNGSample1"/>
  <testcase name="thirdMethod" time="0.004" classname="com.example.testNG.TestNGSample1"/>
  <testcase name="firstMethod" time="0.002" classname="com.example.testNG.TestNGSample1"/>
</testsuite> <!-- com.example.testNG.TestNGSample1 -->
