<?xml version="1.0" encoding="UTF-8"?>
<!-- Generated by org.testng.reporters.JUnitReportReporter -->
<testsuite skipped="0" hostname="LAB-A-20" name="com.example.tests.TestCase004" tests="1" failures="0" timestamp="18 Nov 2018 09:18:44 GMT" time="6.791" errors="0">
  <testcase name="testCase004" time="6.791" classname="com.example.tests.TestCase004"/>
</testsuite> <!-- com.example.tests.TestCase004 -->
