<?xml version="1.0" encoding="UTF-8"?>
<!-- Generated by org.testng.reporters.JUnitReportReporter -->
<testsuite skipped="0" hostname="LAB-A-05" name="com.example.testNG.TestNGSample4" tests="1" failures="0" timestamp="25 Nov 2018 07:38:53 GMT" time="0.016" errors="0">
  <testcase name="f" time="0.016" classname="com.example.testNG.TestNGSample4"/>
</testsuite> <!-- com.example.testNG.TestNGSample4 -->
