<?xml version="1.0" encoding="UTF-8"?>
<!-- Generated by org.testng.reporters.JUnitReportReporter -->
<testsuite skipped="0" hostname="LAB-A-20" name="com.example.tests.TestCase003" tests="1" failures="0" timestamp="18 Nov 2018 09:02:37 GMT" time="7.007" errors="0">
  <testcase name="testCase003" time="7.007" classname="com.example.tests.TestCase003"/>
</testsuite> <!-- com.example.tests.TestCase003 -->
