<?xml version="1.0" encoding="UTF-8"?>
<!-- Generated by org.testng.reporters.JUnitReportReporter -->
<testsuite skipped="0" hostname="LAB-A-05" name="com.example.testNG.TestNGSample2" tests="1" failures="0" timestamp="25 Nov 2018 06:18:14 GMT" time="0.000" errors="0">
  <testcase name="f" time="0.000" classname="com.example.testNG.TestNGSample2"/>
</testsuite> <!-- com.example.testNG.TestNGSample2 -->
